{"File":"errorHandler.js","Function":"centerlizeErrorHandler() ","Purpose":"operational errors","Stack":{"message":"access token is expired"},"level":"error","message":"access token is expired","service":"storage service","timestamp":"2022-08-13 12:08:71"}
{"File":"errorHandler.js","Function":"centerlizeErrorHandler() ","Purpose":"client message","Stack":{"message":"access token is expired","status":403},"level":"error","message":"access token is expired","service":"storage service","timestamp":"2022-08-13 12:08:72"}
{"File":"app.js","Function":"listen()","Purpose":"To check server is up and running","level":"info","message":"Express Server Started Successfully!!! at http://localhost:5002","service":"storage service","timestamp":"2022-08-13 12:08:68"}
{"File":"app.js","Function":"mongoInit() ->  db()","Purpose":"To check mongodb is connected  or not","level":"info","message":"MongoDB connected Successfully!!!","service":"storage service","timestamp":"2022-08-13 12:08:90"}
{"File":"app.js","Function":"listen()","Purpose":"To check server is up and running","level":"info","message":"Express Server Started Successfully!!! at http://localhost:5002","service":"storage service","timestamp":"2022-08-13 12:08:28"}
{"File":"app.js","Function":"mongoInit() ->  db()","Purpose":"To check mongodb is connected  or not","level":"info","message":"MongoDB connected Successfully!!!","service":"storage service","timestamp":"2022-08-13 12:08:59"}
{"File":"app.js","Function":"listen()","Purpose":"To check server is up and running","level":"info","message":"Express Server Started Successfully!!! at http://localhost:5002","service":"storage service","timestamp":"2022-08-13 12:08:78"}
{"File":"app.js","Function":"mongoInit() ->  db()","Purpose":"To check mongodb is connected  or not","level":"info","message":"MongoDB connected Successfully!!!","service":"storage service","timestamp":"2022-08-13 12:08:09"}
{"File":"app.js","Function":"listen()","Purpose":"To check server is up and running","level":"info","message":"Express Server Started Successfully!!! at http://localhost:5002","service":"storage service","timestamp":"2022-08-13 13:08:96"}
{"File":"app.js","Function":"mongoInit() ->  db()","Purpose":"To check mongodb is connected  or not","level":"info","message":"MongoDB connected Successfully!!!","service":"storage service","timestamp":"2022-08-13 13:08:32"}
{"File":"app.js","Function":"listen()","Purpose":"To check server is up and running","level":"info","message":"Express Server Started Successfully!!! at http://localhost:5002","service":"storage service","timestamp":"2022-08-13 13:08:90"}
{"File":"app.js","Function":"mongoInit() ->  db()","Purpose":"To check mongodb is connected  or not","level":"info","message":"MongoDB connected Successfully!!!","service":"storage service","timestamp":"2022-08-13 13:08:32"}
{"File":"app.js","Function":"listen()","Purpose":"To check server is up and running","level":"info","message":"Express Server Started Successfully!!! at http://localhost:5002","service":"storage service","timestamp":"2022-08-13 13:08:08"}
{"File":"app.js","Function":"mongoInit() ->  db()","Purpose":"To check mongodb is connected  or not","level":"info","message":"MongoDB connected Successfully!!!","service":"storage service","timestamp":"2022-08-13 13:08:25"}
{"File":"app.js","Function":"mongoInit() ->  db()","Purpose":"To check mongodb is connected  or not","level":"info","message":"MongoDB connected Successfully!!!","service":"storage service","timestamp":"2022-08-13 13:08:54"}
{"File":"app.js","Function":"mongoInit() ->  db()","Purpose":"To check mongodb is connected  or not","level":"info","message":"MongoDB connected Successfully!!!","service":"storage service","timestamp":"2022-08-13 13:08:16"}
{"File":"app.js","Function":"listen()","Purpose":"To check server is up and running","level":"info","message":"Express Server Started Successfully!!! at http://localhost:5002","service":"storage service","timestamp":"2022-08-13 13:08:26"}
{"File":"app.js","Function":"listen()","Purpose":"To check server is up and running","level":"info","message":"Express Server Started Successfully!!! at http://localhost:5002","service":"storage service","timestamp":"2022-08-13 13:08:22"}
{"File":"app.js","Function":"mongoInit() ->  db()","Purpose":"To check mongodb is connected  or not","level":"info","message":"MongoDB connected Successfully!!!","service":"storage service","timestamp":"2022-08-13 13:08:47"}
{"File":"errorHandler.js","Function":"centerlizeErrorHandler() ","Purpose":"operational errors","Stack":{"message":"access token is expired"},"level":"error","message":"access token is expired","service":"storage service","timestamp":"2022-08-13 13:08:40"}
{"File":"errorHandler.js","Function":"centerlizeErrorHandler() ","Purpose":"client message","Stack":{"message":"access token is expired","status":403},"level":"error","message":"access token is expired","service":"storage service","timestamp":"2022-08-13 13:08:42"}
{"File":"errorHandler.js","Function":"centerlizeErrorHandler() ","Purpose":"operational errors","Stack":{"message":"access token is expired"},"level":"error","message":"access token is expired","service":"storage service","timestamp":"2022-08-13 13:08:10"}
{"File":"errorHandler.js","Function":"centerlizeErrorHandler() ","Purpose":"client message","Stack":{"message":"access token is expired","status":403},"level":"error","message":"access token is expired","service":"storage service","timestamp":"2022-08-13 13:08:11"}
{"File":"app.js","Function":"listen()","Purpose":"To check server is up and running","level":"info","message":"Express Server Started Successfully!!! at http://localhost:5002","service":"storage service","timestamp":"2022-08-13 13:08:33"}
{"File":"app.js","Function":"mongoInit() ->  db()","Purpose":"To check mongodb is connected  or not","level":"info","message":"MongoDB connected Successfully!!!","service":"storage service","timestamp":"2022-08-13 13:08:59"}
{"File":"app.js","Function":"listen()","Purpose":"To check server is up and running","level":"info","message":"Express Server Started Successfully!!! at http://localhost:5002","service":"storage service","timestamp":"2022-08-13 13:08:40"}
{"File":"app.js","Function":"mongoInit() ->  db()","Purpose":"To check mongodb is connected  or not","level":"info","message":"MongoDB connected Successfully!!!","service":"storage service","timestamp":"2022-08-13 13:08:74"}
{"File":"errorHandler.js","Function":"centerlizeErrorHandler() ","Purpose":"operational errors","Stack":{"message":"access token is expired"},"level":"error","message":"access token is expired","service":"storage service","timestamp":"2022-08-13 13:08:03"}
{"File":"errorHandler.js","Function":"centerlizeErrorHandler() ","Purpose":"client message","Stack":{"message":"access token is expired","status":403},"level":"error","message":"access token is expired","service":"storage service","timestamp":"2022-08-13 13:08:05"}
{"File":"app.js","Function":"listen()","Purpose":"To check server is up and running","level":"info","message":"Express Server Started Successfully!!! at http://localhost:5002","service":"storage service","timestamp":"2022-08-13 13:08:16"}
{"File":"errorHandler.js","Function":"centerlizeErrorHandler() ","Purpose":"operational errors","Stack":{"message":"access token is expired"},"level":"error","message":"access token is expired","service":"storage service","timestamp":"2022-08-13 13:08:39"}
{"File":"errorHandler.js","Function":"centerlizeErrorHandler() ","Purpose":"client message","Stack":{"message":"access token is expired","status":403},"level":"error","message":"access token is expired","service":"storage service","timestamp":"2022-08-13 13:08:44"}
{"File":"app.js","Function":"mongoInit() ->  db()","Purpose":"To check mongodb is connected  or not","level":"info","message":"MongoDB connected Successfully!!!","service":"storage service","timestamp":"2022-08-13 13:08:44"}
{"File":"app.js","Function":"listen()","Purpose":"To check server is up and running","level":"info","message":"Express Server Started Successfully!!! at http://localhost:5002","service":"storage service","timestamp":"2022-08-13 13:08:52"}
{"File":"app.js","Function":"mongoInit() ->  db()","Purpose":"To check mongodb is connected  or not","level":"info","message":"MongoDB connected Successfully!!!","service":"storage service","timestamp":"2022-08-13 13:08:84"}
{"addr":"::1","level":"http","message":"Logging Http Requests","method":"GET","restime":"431.165","service":"storage service","status":"200","timestamp":"2022-08-13 13:08:36","url":"/storage/user"}
{"File":"app.js","Function":"listen()","Purpose":"To check server is up and running","level":"info","message":"Express Server Started Successfully!!! at http://localhost:5002","service":"storage service","timestamp":"2022-08-13 13:08:57"}
{"File":"app.js","Function":"mongoInit() ->  db()","Purpose":"To check mongodb is connected  or not","level":"info","message":"MongoDB connected Successfully!!!","service":"storage service","timestamp":"2022-08-13 13:08:44"}
{"File":"app.js","Function":"listen()","Purpose":"To check server is up and running","level":"info","message":"Express Server Started Successfully!!! at http://localhost:5002","service":"storage service","timestamp":"2022-08-13 13:08:15"}
{"File":"app.js","Function":"mongoInit() ->  db()","Purpose":"To check mongodb is connected  or not","level":"info","message":"MongoDB connected Successfully!!!","service":"storage service","timestamp":"2022-08-13 13:08:08"}
{"File":"app.js","Function":"listen()","Purpose":"To check server is up and running","level":"info","message":"Express Server Started Successfully!!! at http://localhost:5002","service":"storage service","timestamp":"2022-08-13 13:08:41"}
{"File":"app.js","Function":"listen()","Purpose":"To check server is up and running","level":"info","message":"Express Server Started Successfully!!! at http://localhost:5002","service":"storage service","timestamp":"2022-08-13 13:08:05"}
{"File":"app.js","Function":"mongoInit() ->  db()","Purpose":"To check mongodb is connected  or not","level":"info","message":"MongoDB connected Successfully!!!","service":"storage service","timestamp":"2022-08-13 13:08:55"}
{"File":"app.js","Function":"listen()","Purpose":"To check server is up and running","level":"info","message":"Express Server Started Successfully!!! at http://localhost:5002","service":"storage service","timestamp":"2022-08-13 13:08:95"}
{"File":"app.js","Function":"mongoInit() ->  db()","Purpose":"To check mongodb is connected  or not","level":"info","message":"MongoDB connected Successfully!!!","service":"storage service","timestamp":"2022-08-13 13:08:26"}
{"File":"app.js","Function":"listen()","Purpose":"To check server is up and running","level":"info","message":"Express Server Started Successfully!!! at http://localhost:5002","service":"storage service","timestamp":"2022-08-13 13:08:12"}
{"File":"app.js","Function":"mongoInit() ->  db()","Purpose":"To check mongodb is connected  or not","level":"info","message":"MongoDB connected Successfully!!!","service":"storage service","timestamp":"2022-08-13 13:08:22"}
{"File":"app.js","Function":"listen()","Purpose":"To check server is up and running","level":"info","message":"Express Server Started Successfully!!! at http://localhost:5002","service":"storage service","timestamp":"2022-08-13 13:08:16"}
{"File":"app.js","Function":"mongoInit() ->  db()","Purpose":"To check mongodb is connected  or not","level":"info","message":"MongoDB connected Successfully!!!","service":"storage service","timestamp":"2022-08-13 13:08:44"}
{"File":"app.js","Function":"listen()","Purpose":"To check server is up and running","level":"info","message":"Express Server Started Successfully!!! at http://localhost:5002","service":"storage service","timestamp":"2022-08-13 13:08:97"}
{"File":"app.js","Function":"mongoInit() ->  db()","Purpose":"To check mongodb is connected  or not","level":"info","message":"MongoDB connected Successfully!!!","service":"storage service","timestamp":"2022-08-13 13:08:26"}
{"File":"app.js","Function":"listen()","Purpose":"To check server is up and running","level":"info","message":"Express Server Started Successfully!!! at http://localhost:5002","service":"storage service","timestamp":"2022-08-13 13:08:25"}
{"File":"app.js","Function":"mongoInit() ->  db()","Purpose":"To check mongodb is connected  or not","level":"info","message":"MongoDB connected Successfully!!!","service":"storage service","timestamp":"2022-08-13 13:08:50"}
{"File":"app.js","Function":"listen()","Purpose":"To check server is up and running","level":"info","message":"Express Server Started Successfully!!! at http://localhost:5002","service":"storage service","timestamp":"2022-08-13 13:08:18"}
{"File":"app.js","Function":"mongoInit() ->  db()","Purpose":"To check mongodb is connected  or not","level":"info","message":"MongoDB connected Successfully!!!","service":"storage service","timestamp":"2022-08-13 13:08:44"}
{"addr":"::1","level":"http","message":"Logging Http Requests","method":"GET","restime":"670.387","service":"storage service","status":"200","timestamp":"2022-08-13 13:08:26","url":"/storage/user"}
{"addr":"::1","level":"http","message":"Logging Http Requests","method":"GET","restime":"69.139","service":"storage service","status":"200","timestamp":"2022-08-13 13:08:92","url":"/storage/user"}
{"addr":"::1","level":"http","message":"Logging Http Requests","method":"GET","restime":"118.541","service":"storage service","status":"200","timestamp":"2022-08-13 13:08:10","url":"/storage/user"}
{"File":"app.js","Function":"listen()","Purpose":"To check server is up and running","level":"info","message":"Express Server Started Successfully!!! at http://localhost:5002","service":"storage service","timestamp":"2022-08-13 13:08:71"}
{"File":"app.js","Function":"mongoInit() ->  db()","Purpose":"To check mongodb is connected  or not","level":"info","message":"MongoDB connected Successfully!!!","service":"storage service","timestamp":"2022-08-13 13:08:03"}
{"File":"app.js","Function":"listen()","Purpose":"To check server is up and running","level":"info","message":"Express Server Started Successfully!!! at http://localhost:5002","service":"storage service","timestamp":"2022-08-13 13:08:24"}
{"File":"app.js","Function":"mongoInit() ->  db()","Purpose":"To check mongodb is connected  or not","level":"info","message":"MongoDB connected Successfully!!!","service":"storage service","timestamp":"2022-08-13 13:08:33"}
{"File":"app.js","Function":"listen()","Purpose":"To check server is up and running","level":"info","message":"Express Server Started Successfully!!! at http://localhost:5002","service":"storage service","timestamp":"2022-08-13 13:08:66"}
{"File":"app.js","Function":"mongoInit() ->  db()","Purpose":"To check mongodb is connected  or not","level":"info","message":"MongoDB connected Successfully!!!","service":"storage service","timestamp":"2022-08-13 13:08:04"}
{"File":"app.js","Function":"listen()","Purpose":"To check server is up and running","level":"info","message":"Express Server Started Successfully!!! at http://localhost:5002","service":"storage service","timestamp":"2022-08-13 13:08:98"}
{"File":"app.js","Function":"mongoInit() ->  db()","Purpose":"To check mongodb is connected  or not","level":"info","message":"MongoDB connected Successfully!!!","service":"storage service","timestamp":"2022-08-13 13:08:23"}
{"File":"app.js","Function":"listen()","Purpose":"To check server is up and running","level":"info","message":"Express Server Started Successfully!!! at http://localhost:5002","service":"storage service","timestamp":"2022-08-13 13:08:93"}
{"File":"app.js","Function":"mongoInit() ->  db()","Purpose":"To check mongodb is connected  or not","level":"info","message":"MongoDB connected Successfully!!!","service":"storage service","timestamp":"2022-08-13 13:08:03"}
{"File":"app.js","Function":"listen()","Purpose":"To check server is up and running","level":"info","message":"Express Server Started Successfully!!! at http://localhost:5002","service":"storage service","timestamp":"2022-08-13 13:08:30"}
{"File":"app.js","Function":"mongoInit() ->  db()","Purpose":"To check mongodb is connected  or not","level":"info","message":"MongoDB connected Successfully!!!","service":"storage service","timestamp":"2022-08-13 13:08:64"}
{"File":"app.js","Function":"listen()","Purpose":"To check server is up and running","level":"info","message":"Express Server Started Successfully!!! at http://localhost:5002","service":"storage service","timestamp":"2022-08-13 13:08:33"}
{"File":"app.js","Function":"mongoInit() ->  db()","Purpose":"To check mongodb is connected  or not","level":"info","message":"MongoDB connected Successfully!!!","service":"storage service","timestamp":"2022-08-13 13:08:41"}
{"File":"app.js","Function":"listen()","Purpose":"To check server is up and running","level":"info","message":"Express Server Started Successfully!!! at http://localhost:5002","service":"storage service","timestamp":"2022-08-13 13:08:55"}
{"File":"app.js","Function":"mongoInit() ->  db()","Purpose":"To check mongodb is connected  or not","level":"info","message":"MongoDB connected Successfully!!!","service":"storage service","timestamp":"2022-08-13 13:08:49"}
{"File":"app.js","Function":"listen()","Purpose":"To check server is up and running","level":"info","message":"Express Server Started Successfully!!! at http://localhost:5002","service":"storage service","timestamp":"2022-08-13 13:08:14"}
{"File":"app.js","Function":"mongoInit() ->  db()","Purpose":"To check mongodb is connected  or not","level":"info","message":"MongoDB connected Successfully!!!","service":"storage service","timestamp":"2022-08-13 13:08:90"}
{"File":"app.js","Function":"listen()","Purpose":"To check server is up and running","level":"info","message":"Express Server Started Successfully!!! at http://localhost:5002","service":"storage service","timestamp":"2022-08-13 13:08:09"}
{"File":"app.js","Function":"mongoInit() ->  db()","Purpose":"To check mongodb is connected  or not","level":"info","message":"MongoDB connected Successfully!!!","service":"storage service","timestamp":"2022-08-13 13:08:16"}
{"File":"app.js","Function":"listen()","Purpose":"To check server is up and running","level":"info","message":"Express Server Started Successfully!!! at http://localhost:5002","service":"storage service","timestamp":"2022-08-13 14:08:29"}
{"File":"app.js","Function":"mongoInit() ->  db()","Purpose":"To check mongodb is connected  or not","level":"info","message":"MongoDB connected Successfully!!!","service":"storage service","timestamp":"2022-08-13 14:08:68"}
{"File":"app.js","Function":"listen()","Purpose":"To check server is up and running","level":"info","message":"Express Server Started Successfully!!! at http://localhost:5002","service":"storage service","timestamp":"2022-08-13 14:08:62"}
{"File":"app.js","Function":"mongoInit() ->  db()","Purpose":"To check mongodb is connected  or not","level":"info","message":"MongoDB connected Successfully!!!","service":"storage service","timestamp":"2022-08-13 14:08:90"}
{"File":"app.js","Function":"listen()","Purpose":"To check server is up and running","level":"info","message":"Express Server Started Successfully!!! at http://localhost:5002","service":"storage service","timestamp":"2022-08-13 14:08:63"}
{"File":"app.js","Function":"mongoInit() ->  db()","Purpose":"To check mongodb is connected  or not","level":"info","message":"MongoDB connected Successfully!!!","service":"storage service","timestamp":"2022-08-13 14:08:53"}
{"File":"app.js","Function":"listen()","Purpose":"To check server is up and running","level":"info","message":"Express Server Started Successfully!!! at http://localhost:5002","service":"storage service","timestamp":"2022-08-13 14:08:19"}
{"File":"app.js","Function":"mongoInit() ->  db()","Purpose":"To check mongodb is connected  or not","level":"info","message":"MongoDB connected Successfully!!!","service":"storage service","timestamp":"2022-08-13 14:08:94"}
{"File":"app.js","Function":"listen()","Purpose":"To check server is up and running","level":"info","message":"Express Server Started Successfully!!! at http://localhost:5002","service":"storage service","timestamp":"2022-08-13 14:08:94"}
{"File":"app.js","Function":"mongoInit() ->  db()","Purpose":"To check mongodb is connected  or not","level":"info","message":"MongoDB connected Successfully!!!","service":"storage service","timestamp":"2022-08-13 14:08:38"}
{"File":"app.js","Function":"listen()","Purpose":"To check server is up and running","level":"info","message":"Express Server Started Successfully!!! at http://localhost:5002","service":"storage service","timestamp":"2022-08-13 14:08:06"}
{"File":"app.js","Function":"mongoInit() ->  db()","Purpose":"To check mongodb is connected  or not","level":"info","message":"MongoDB connected Successfully!!!","service":"storage service","timestamp":"2022-08-13 14:08:08"}
{"addr":"::1","level":"http","message":"Logging Http Requests","method":"GET","restime":"783.962","service":"storage service","status":"200","timestamp":"2022-08-13 14:08:83","url":"/storage/user"}
{"File":"app.js","Function":"listen()","Purpose":"To check server is up and running","level":"info","message":"Express Server Started Successfully!!! at http://localhost:5002","service":"storage service","timestamp":"2022-08-13 14:08:14"}
{"File":"app.js","Function":"mongoInit() ->  db()","Purpose":"To check mongodb is connected  or not","level":"info","message":"MongoDB connected Successfully!!!","service":"storage service","timestamp":"2022-08-13 14:08:21"}
{"File":"app.js","Function":"listen()","Purpose":"To check server is up and running","level":"info","message":"Express Server Started Successfully!!! at http://localhost:5002","service":"storage service","timestamp":"2022-08-13 14:08:96"}
{"File":"app.js","Function":"mongoInit() ->  db()","Purpose":"To check mongodb is connected  or not","level":"info","message":"MongoDB connected Successfully!!!","service":"storage service","timestamp":"2022-08-13 14:08:75"}
{"File":"app.js","Function":"listen()","Purpose":"To check server is up and running","level":"info","message":"Express Server Started Successfully!!! at http://localhost:5002","service":"storage service","timestamp":"2022-08-13 14:08:57"}
{"File":"app.js","Function":"mongoInit() ->  db()","Purpose":"To check mongodb is connected  or not","level":"info","message":"MongoDB connected Successfully!!!","service":"storage service","timestamp":"2022-08-13 14:08:48"}
{"File":"app.js","Function":"listen()","Purpose":"To check server is up and running","level":"info","message":"Express Server Started Successfully!!! at http://localhost:5002","service":"storage service","timestamp":"2022-08-13 14:08:68"}
{"File":"app.js","Function":"mongoInit() ->  db()","Purpose":"To check mongodb is connected  or not","level":"info","message":"MongoDB connected Successfully!!!","service":"storage service","timestamp":"2022-08-13 14:08:47"}
{"File":"app.js","Function":"listen()","Purpose":"To check server is up and running","level":"info","message":"Express Server Started Successfully!!! at http://localhost:5002","service":"storage service","timestamp":"2022-08-13 14:08:13"}
{"File":"app.js","Function":"mongoInit() ->  db()","Purpose":"To check mongodb is connected  or not","level":"info","message":"MongoDB connected Successfully!!!","service":"storage service","timestamp":"2022-08-13 14:08:47"}
{"File":"app.js","Function":"listen()","Purpose":"To check server is up and running","level":"info","message":"Express Server Started Successfully!!! at http://localhost:5002","service":"storage service","timestamp":"2022-08-13 14:08:40"}
{"File":"app.js","Function":"mongoInit() ->  db()","Purpose":"To check mongodb is connected  or not","level":"info","message":"MongoDB connected Successfully!!!","service":"storage service","timestamp":"2022-08-13 14:08:95"}
{"File":"errorHandler.js","Function":"centerlizeErrorHandler() ","Purpose":"operational errors","Stack":{"message":"Unauthorized"},"level":"error","message":"Unauthorized","service":"storage service","timestamp":"2022-08-13 15:08:36"}
{"File":"errorHandler.js","Function":"centerlizeErrorHandler() ","Purpose":"client message","Stack":{"message":"Unauthorized","status":401},"level":"error","message":"Unauthorized","service":"storage service","timestamp":"2022-08-13 15:08:37"}
{"addr":"::1","level":"http","message":"Logging Http Requests","method":"GET","restime":"19.604","service":"storage service","status":"401","timestamp":"2022-08-13 15:08:45","url":"/storage/user"}
{"File":"errorHandler.js","Function":"centerlizeErrorHandler() ","Purpose":"operational errors","Stack":{"message":"Unauthorized"},"level":"error","message":"Unauthorized","service":"storage service","timestamp":"2022-08-13 15:08:54"}
{"File":"errorHandler.js","Function":"centerlizeErrorHandler() ","Purpose":"client message","Stack":{"message":"Unauthorized","status":401},"level":"error","message":"Unauthorized","service":"storage service","timestamp":"2022-08-13 15:08:56"}
{"addr":"::1","level":"http","message":"Logging Http Requests","method":"GET","restime":"20.733","service":"storage service","status":"401","timestamp":"2022-08-13 15:08:58","url":"/storage/user"}
{"addr":"::ffff:127.0.0.1","level":"http","message":"Logging Http Requests","method":"GET","restime":"980.467","service":"storage service","status":"200","timestamp":"2022-08-13 15:08:79","url":"/storage//user"}
